name="disk_write_latency_ms" value=190.186669
name="device_write_latency_ms" value=190.632618
name="get_miss_latency_ms" value=835.8973910000001
name="get_total_latency_ms" value=849.295746
name="disk_write_latency_ms" value=243.83567200000002
name="device_write_latency_ms" value=244.34838
name="get_miss_latency_ms" value=1184.7948999999999
name="get_total_latency_ms" value=1189.4430579999998
name="disk_write_latency_ms" value=244.960842
name="device_write_latency_ms" value=245.481193
name="get_miss_latency_ms" value=1194.5099779999998
name="get_total_latency_ms" value=1200.044352
name="disk_write_latency_ms" value=247.698391
name="device_write_latency_ms" value=247.996464
name="get_miss_latency_ms" value=1205.025754
name="get_total_latency_ms" value=1210.245877
name="disk_write_latency_ms" value=236.23622899999998
name="device_write_latency_ms" value=236.687328
name="get_miss_latency_ms" value=1225.4138349999998
name="get_total_latency_ms" value=1234.257233
name="disk_write_latency_ms" value=260.213553
name="device_write_latency_ms" value=260.666705
name="get_miss_latency_ms" value=1236.458352
name="get_total_latency_ms" value=1243.210861
name="disk_write_latency_ms" value=269.674857
name="device_write_latency_ms" value=270.069928
name="get_miss_latency_ms" value=1286.553256
name="disk_write_latency_ms" value=211.612196
name="device_write_latency_ms" value=213.08690099999998
name="get_miss_latency_ms" value=1289.771674
name="get_total_latency_ms" value=1290.286781
name="get_total_latency_ms" value=1293.560997
name="disk_write_latency_ms" value=244.311504
name="device_write_latency_ms" value=245.525114
name="disk_write_latency_ms" value=207.974186
name="device_write_latency_ms" value=208.56822599999998
name="get_miss_latency_ms" value=1298.5755649999999
name="get_miss_latency_ms" value=1298.6906000000001
name="disk_write_latency_ms" value=154.97904000000003
name="device_write_latency_ms" value=157.567132
name="get_miss_latency_ms" value=1300.1747420000002
name="disk_write_latency_ms" value=179.933008
name="device_write_latency_ms" value=181.179452
name="get_miss_latency_ms" value=1301.4059740000002
name="disk_write_latency_ms" value=208.35089100000002
name="device_write_latency_ms" value=208.93310100000002
name="get_miss_latency_ms" value=1303.643939
name="get_total_latency_ms" value=1304.50116
name="get_total_latency_ms" value=1318.977339
name="get_total_latency_ms" value=1338.824562
name="get_total_latency_ms" value=1345.666332
name="get_total_latency_ms" value=1365.0982680000002
name="disk_write_latency_ms" value=252.18633899999998
name="device_write_latency_ms" value=252.982074
name="get_miss_latency_ms" value=1461.276018
name="get_total_latency_ms" value=1476.8312059999998
name="disk_write_latency_ms" value=275.018619
name="device_write_latency_ms" value=275.640329
name="get_miss_latency_ms" value=1493.7390129999999
name="disk_write_latency_ms" value=287.81056
name="device_write_latency_ms" value=288.771251
name="get_miss_latency_ms" value=1494.371033
name="disk_write_latency_ms" value=266.038616
name="device_write_latency_ms" value=266.395494
name="get_miss_latency_ms" value=1499.971475
name="get_total_latency_ms" value=1508.0406119999998
name="get_total_latency_ms" value=1521.2345890000001
name="disk_write_latency_ms" value=265.795863
name="device_write_latency_ms" value=266.114715
name="get_miss_latency_ms" value=1523.3341139999998
name="get_total_latency_ms" value=1525.42453
name="get_total_latency_ms" value=1533.32096
name="disk_write_latency_ms" value=312.965528
name="device_write_latency_ms" value=313.33419499999997
name="get_miss_latency_ms" value=1561.3956409999998
name="get_total_latency_ms" value=1567.372601
name="disk_write_latency_ms" value=305.18914800000005
name="device_write_latency_ms" value=305.48495399999996
name="get_miss_latency_ms" value=1583.168406
name="get_total_latency_ms" value=1592.259216
name="disk_write_latency_ms" value=235.60951599999999
name="device_write_latency_ms" value=236.371592
name="get_miss_latency_ms" value=1659.8978820000002
name="get_total_latency_ms" value=1662.620428
name="disk_write_latency_ms" value=232.334558
name="device_write_latency_ms" value=233.564148
name="get_miss_latency_ms" value=1663.7601389999998
name="disk_write_latency_ms" value=262.93944899999997
name="device_write_latency_ms" value=263.95854
name="get_miss_latency_ms" value=1665.73748
name="disk_write_latency_ms" value=256.05438200000003
name="device_write_latency_ms" value=256.920859
name="get_miss_latency_ms" value=1665.7745340000001
name="get_total_latency_ms" value=1667.720914
name="disk_write_latency_ms" value=223.43881299999998
name="device_write_latency_ms" value=223.746839
name="get_miss_latency_ms" value=1672.370933
name="get_total_latency_ms" value=1672.598365
name="disk_write_latency_ms" value=244.208059
name="device_write_latency_ms" value=246.100016
name="get_miss_latency_ms" value=1674.87351
name="get_total_latency_ms" value=1676.508744
name="disk_write_latency_ms" value=221.14393099999998
name="device_write_latency_ms" value=232.783715
name="get_miss_latency_ms" value=1682.256902
name="get_total_latency_ms" value=1697.884178
name="disk_write_latency_ms" value=140.379803
name="device_write_latency_ms" value=140.656257
name="get_miss_latency_ms" value=1710.015091
name="get_total_latency_ms" value=1711.005906
name="disk_write_latency_ms" value=147.842571
name="device_write_latency_ms" value=148.32414899999998
name="get_miss_latency_ms" value=1717.234954
name="get_total_latency_ms" value=1719.235477
name="disk_write_latency_ms" value=133.673788
name="device_write_latency_ms" value=133.93943099999998
name="get_miss_latency_ms" value=1719.993422
name="get_total_latency_ms" value=1734.040237
name="get_total_latency_ms" value=1739.799235
name="get_total_latency_ms" value=1745.8528339999998
name="disk_write_latency_ms" value=289.906666
name="device_write_latency_ms" value=291.975635
name="get_miss_latency_ms" value=1777.599451
name="disk_write_latency_ms" value=115.046832
name="device_write_latency_ms" value=115.417664
name="get_miss_latency_ms" value=932.907081
name="get_total_latency_ms" value=1783.9934369999999
name="get_total_latency_ms" value=949.254325
name="disk_read_latency_ms" value=521.719445
name="device_read_latency_ms" value=582.589323
name="disk_write_latency_ms" value=118.18661900000001
name="device_write_latency_ms" value=118.771602
name="get_miss_latency_ms" value=756.611172
name="get_total_latency_ms" value=780.3570050000001
name="disk_write_latency_ms" value=89.753988
name="device_write_latency_ms" value=90.11266699999999
name="get_miss_latency_ms" value=812.861748
name="get_total_latency_ms" value=823.4675080000001
name="disk_read_latency_ms" value=314.822609
name="device_read_latency_ms" value=337.746452
name="disk_write_latency_ms" value=92.86438700000001
name="device_write_latency_ms" value=93.160384
name="get_miss_latency_ms" value=865.71992
name="disk_write_latency_ms" value=90.97963200000001
name="device_write_latency_ms" value=91.23919900000001
name="get_miss_latency_ms" value=815.636833
name="get_total_latency_ms" value=872.922028
name="get_total_latency_ms" value=823.644275
name="disk_read_latency_ms" value=317.162261
name="device_read_latency_ms" value=333.74451300000004
name="disk_read_latency_ms" value=318.401192
name="device_read_latency_ms" value=329.398301
name="disk_write_latency_ms" value=101.36254
name="device_write_latency_ms" value=101.70035700000001
name="get_miss_latency_ms" value=767.363499
name="disk_write_latency_ms" value=100.423174
name="device_write_latency_ms" value=100.688825
name="get_miss_latency_ms" value=798.835334
name="get_total_latency_ms" value=782.60299
name="disk_write_latency_ms" value=84.27017000000001
name="device_write_latency_ms" value=84.801035
name="get_total_latency_ms" value=816.620142
name="get_miss_latency_ms" value=741.5257899999999
name="disk_write_latency_ms" value=109.396956
name="device_write_latency_ms" value=109.710876
name="get_miss_latency_ms" value=888.264022
name="get_total_latency_ms" value=758.448802
name="get_hit_latency_ms" value=821.9057819999999
name="get_total_latency_ms" value=910.0788279999999
name="get_total_latency_ms" value=849.114766
name="disk_write_latency_ms" value=85.23747800000001
name="device_write_latency_ms" value=85.960671
name="get_miss_latency_ms" value=857.816989
name="get_total_latency_ms" value=870.8332399999999
name="disk_write_latency_ms" value=94.994028
name="device_write_latency_ms" value=96.005464
name="get_miss_latency_ms" value=867.886241
name="get_total_latency_ms" value=908.280645
name="disk_write_latency_ms" value=157.932751
name="device_write_latency_ms" value=158.435749
name="get_miss_latency_ms" value=1047.060568
name="get_total_latency_ms" value=1055.874878
name="disk_write_latency_ms" value=135.910675
name="device_write_latency_ms" value=141.32635199999999
name="get_miss_latency_ms" value=830.475282
name="disk_write_latency_ms" value=110.15043200000001
name="device_write_latency_ms" value=110.450227
name="get_miss_latency_ms" value=765.823395
name="get_total_latency_ms" value=842.762112
name="disk_write_latency_ms" value=118.42931700000001
name="device_write_latency_ms" value=119.196541
name="get_miss_latency_ms" value=896.902681
name="disk_write_latency_ms" value=119.363885
name="device_write_latency_ms" value=120.566124
name="get_miss_latency_ms" value=863.4742010000001
name="get_total_latency_ms" value=788.544866
name="get_total_latency_ms" value=920.392533
name="get_hit_latency_ms" value=658.369222
name="get_total_latency_ms" value=893.8645899999999
name="get_hit_latency_ms" value=894.8184660000001
name="get_total_latency_ms" value=681.7938730000001
name="get_hit_latency_ms" value=2436.955164
name="get_total_latency_ms" value=917.522473
name="get_total_latency_ms" value=2449.193526
name="disk_read_latency_ms" value=358.809532
name="device_read_latency_ms" value=367.762069
name="disk_write_latency_ms" value=101.289026
name="device_write_latency_ms" value=101.630785
name="get_miss_latency_ms" value=905.7533639999999
name="get_total_latency_ms" value=911.036329
name="disk_write_latency_ms" value=93.385465
name="device_write_latency_ms" value=93.799936
name="get_miss_latency_ms" value=952.268643
name="get_total_latency_ms" value=956.967638
name="disk_write_latency_ms" value=75.621589
name="device_write_latency_ms" value=75.96974900000001
name="get_miss_latency_ms" value=830.129825
name="disk_write_latency_ms" value=65.503674
name="device_write_latency_ms" value=65.85376799999999
name="get_miss_latency_ms" value=829.5200900000001
name="get_total_latency_ms" value=835.571662
name="get_total_latency_ms" value=839.524587
name="disk_read_latency_ms" value=299.18816100000004
name="device_read_latency_ms" value=299.29336
name="disk_read_latency_ms" value=154.702491
name="device_read_latency_ms" value=169.538408
name="disk_write_latency_ms" value=120.223717
name="device_write_latency_ms" value=120.544151
name="get_miss_latency_ms" value=895.404787
name="get_total_latency_ms" value=906.2156580000001
name="disk_write_latency_ms" value=169.84938499999998
name="device_write_latency_ms" value=170.203922
name="get_miss_latency_ms" value=1051.091526
name="disk_write_latency_ms" value=162.812515
name="device_write_latency_ms" value=163.20026800000002
name="get_miss_latency_ms" value=1012.7628920000001
name="get_total_latency_ms" value=1061.672609
name="get_total_latency_ms" value=1024.313218
name="disk_read_latency_ms" value=256.081663
name="device_read_latency_ms" value=260.820679
name="disk_write_latency_ms" value=164.846391
name="device_write_latency_ms" value=165.516991
name="get_miss_latency_ms" value=1059.13193
name="get_total_latency_ms" value=1069.0440210000002
name="get_hit_latency_ms" value=677.5400900000001
name="disk_write_latency_ms" value=144.62524399999998
name="device_write_latency_ms" value=144.95616
name="get_miss_latency_ms" value=1108.700797
name="disk_write_latency_ms" value=141.49445899999998
name="device_write_latency_ms" value=141.80651999999998
name="get_miss_latency_ms" value=1070.7944929999999
name="get_total_latency_ms" value=688.118881
name="get_total_latency_ms" value=1123.382852
name="get_total_latency_ms" value=1094.63707
name="disk_write_latency_ms" value=158.057306
name="device_write_latency_ms" value=158.402646
name="get_miss_latency_ms" value=1027.807991
name="disk_write_latency_ms" value=161.930121
name="device_write_latency_ms" value=162.292178
name="get_miss_latency_ms" value=1019.062125
name="get_total_latency_ms" value=1038.91913
name="disk_write_latency_ms" value=153.960388
name="device_write_latency_ms" value=155.601213
name="get_total_latency_ms" value=1030.113448
name="get_miss_latency_ms" value=805.603977
name="get_hit_latency_ms" value=626.691404
name="get_total_latency_ms" value=819.948063
name="get_total_latency_ms" value=643.124024
name="get_hit_latency_ms" value=773.988921
name="get_total_latency_ms" value=779.512455
name="disk_write_latency_ms" value=119.90472700000001
name="device_write_latency_ms" value=120.416996
name="get_miss_latency_ms" value=999.5325459999999
name="get_total_latency_ms" value=1014.4767919999999
name="disk_write_latency_ms" value=106.46365200000001
name="device_write_latency_ms" value=107.51366399999999
name="get_miss_latency_ms" value=947.840607
name="disk_write_latency_ms" value=103.16713399999999
name="device_write_latency_ms" value=106.41653299999999
name="get_miss_latency_ms" value=867.318598
name="disk_write_latency_ms" value=97.951268
name="device_write_latency_ms" value=98.419653
name="get_miss_latency_ms" value=949.492065
name="get_total_latency_ms" value=974.521551
name="get_hit_latency_ms" value=1306.3749229999999
name="get_total_latency_ms" value=898.81205
name="get_total_latency_ms" value=984.0939880000001
name="disk_write_latency_ms" value=87.13836699999999
name="device_write_latency_ms" value=87.46942
name="get_miss_latency_ms" value=890.216176
name="get_total_latency_ms" value=1331.84695
name="disk_write_latency_ms" value=86.522255
name="device_write_latency_ms" value=86.745267
name="get_miss_latency_ms" value=943.8292339999999
name="disk_write_latency_ms" value=91.389359
name="device_write_latency_ms" value=92.083178
name="get_miss_latency_ms" value=814.990171
name="get_total_latency_ms" value=898.662644
name="get_total_latency_ms" value=954.774605
name="get_total_latency_ms" value=826.082463
name="disk_write_latency_ms" value=134.151439
name="device_write_latency_ms" value=134.603149
name="get_miss_latency_ms" value=848.204137
name="get_total_latency_ms" value=857.191765
name="disk_write_latency_ms" value=136.407636
name="device_write_latency_ms" value=139.87387900000002
name="get_miss_latency_ms" value=856.480001
name="get_total_latency_ms" value=872.596008
name="disk_write_latency_ms" value=143.310037
name="device_write_latency_ms" value=143.918802
name="get_miss_latency_ms" value=938.288035
name="disk_write_latency_ms" value=104.10685699999999
name="device_write_latency_ms" value=107.796637
name="get_miss_latency_ms" value=907.472111
name="get_total_latency_ms" value=951.1717170000001
name="get_total_latency_ms" value=928.813839
name="disk_write_latency_ms" value=124.63321300000001
name="device_write_latency_ms" value=124.97929
name="get_miss_latency_ms" value=928.084746
name="get_total_latency_ms" value=933.275777
name="disk_write_latency_ms" value=133.178569
name="device_write_latency_ms" value=133.571327
name="get_miss_latency_ms" value=935.975364
name="get_total_latency_ms" value=943.5287599999999
name="disk_write_latency_ms" value=152.28275299999999
name="device_write_latency_ms" value=152.755233
name="get_miss_latency_ms" value=931.119986
name="get_total_latency_ms" value=937.722578
name="disk_write_latency_ms" value=139.830537
name="device_write_latency_ms" value=140.481541
name="get_miss_latency_ms" value=930.446361
name="get_total_latency_ms" value=935.865755
name="disk_write_latency_ms" value=164.749997
name="device_write_latency_ms" value=165.056858
name="get_miss_latency_ms" value=977.854235
name="disk_write_latency_ms" value=137.789753
name="device_write_latency_ms" value=138.142993
name="get_miss_latency_ms" value=952.230676
name="get_total_latency_ms" value=983.04933
name="get_total_latency_ms" value=957.843766
name="disk_write_latency_ms" value=148.433875
name="device_write_latency_ms" value=148.760749
name="get_miss_latency_ms" value=995.494303
name="get_total_latency_ms" value=1002.7506020000001
name="disk_write_latency_ms" value=160.988104
name="device_write_latency_ms" value=161.233658
name="get_miss_latency_ms" value=1030.896004
name="disk_write_latency_ms" value=148.632652
name="device_write_latency_ms" value=149.05687600000002
name="get_miss_latency_ms" value=794.6795070000001
name="get_total_latency_ms" value=1045.485281
name="disk_write_latency_ms" value=150.45317799999998
name="device_write_latency_ms" value=150.842538
name="get_miss_latency_ms" value=887.6983980000001
name="get_total_latency_ms" value=805.755709
name="get_total_latency_ms" value=896.3165300000001
name="disk_write_latency_ms" value=142.204997
name="device_write_latency_ms" value=142.49543500000001
name="get_miss_latency_ms" value=797.816226
name="get_total_latency_ms" value=803.9689169999999
name="disk_write_latency_ms" value=151.358048
name="device_write_latency_ms" value=151.649268
name="get_miss_latency_ms" value=812.763842
name="disk_write_latency_ms" value=136.561952
name="device_write_latency_ms" value=137.043485
name="get_miss_latency_ms" value=884.870309
name="get_total_latency_ms" value=817.492111
name="disk_write_latency_ms" value=119.49620800000001
name="device_write_latency_ms" value=119.82598
name="get_miss_latency_ms" value=859.021334
name="get_total_latency_ms" value=892.326372
name="disk_write_latency_ms" value=128.211228
name="device_write_latency_ms" value=128.501383
name="get_miss_latency_ms" value=747.11132
name="disk_write_latency_ms" value=116.065671
name="device_write_latency_ms" value=116.410967
name="get_miss_latency_ms" value=787.930759
name="get_total_latency_ms" value=866.72147
name="disk_write_latency_ms" value=118.568899
name="device_write_latency_ms" value=118.957008
name="get_miss_latency_ms" value=807.925617
name="get_total_latency_ms" value=756.297337
name="get_total_latency_ms" value=801.048349
name="get_total_latency_ms" value=826.7209720000001
name="disk_write_latency_ms" value=122.16067899999999
name="device_write_latency_ms" value=122.49996
name="get_miss_latency_ms" value=929.0315439999999
name="get_total_latency_ms" value=936.105732
name="disk_write_latency_ms" value=139.27476
name="device_write_latency_ms" value=139.54824900000003
name="get_miss_latency_ms" value=911.678608
name="get_total_latency_ms" value=921.953306
name="disk_write_latency_ms" value=117.836452
name="device_write_latency_ms" value=118.222883
name="get_miss_latency_ms" value=752.457157
name="get_total_latency_ms" value=759.0254189999999
name="disk_write_latency_ms" value=137.39634
name="device_write_latency_ms" value=137.742218
name="get_miss_latency_ms" value=798.5802829999999
name="disk_write_latency_ms" value=132.417017
name="device_write_latency_ms" value=134.890903
name="get_miss_latency_ms" value=788.043838
name="get_total_latency_ms" value=811.6781119999999
name="disk_write_latency_ms" value=128.594563
name="device_write_latency_ms" value=128.942417
name="get_miss_latency_ms" value=914.7354479999999
name="get_total_latency_ms" value=808.519259
name="disk_write_latency_ms" value=144.238904
name="device_write_latency_ms" value=144.77624
name="get_miss_latency_ms" value=881.46885
name="get_total_latency_ms" value=933.163661
name="get_total_latency_ms" value=887.792545
name="disk_read_latency_ms" value=259.808787
name="device_read_latency_ms" value=263.195556
name="disk_write_latency_ms" value=186.159367
name="device_write_latency_ms" value=186.567843
name="get_miss_latency_ms" value=917.927871
name="get_total_latency_ms" value=924.5131789999999
name="disk_write_latency_ms" value=216.163668
name="device_write_latency_ms" value=216.52642899999998
name="get_miss_latency_ms" value=1030.4042579999998
name="get_total_latency_ms" value=1038.5496409999998
name="disk_write_latency_ms" value=221.75155999999998
name="device_write_latency_ms" value=221.995786
name="get_miss_latency_ms" value=1000.4743410000001
name="get_total_latency_ms" value=1005.826736
name="disk_write_latency_ms" value=248.72226899999998
name="device_write_latency_ms" value=249.180914
name="get_miss_latency_ms" value=1037.263934
name="get_hit_latency_ms" value=485.463207
name="get_total_latency_ms" value=1047.396905
name="get_total_latency_ms" value=505.010199
name="disk_write_latency_ms" value=330.91695999999996
name="device_write_latency_ms" value=331.371552
name="get_miss_latency_ms" value=923.201288
name="get_total_latency_ms" value=934.9161740000001
name="disk_write_latency_ms" value=373.891714
name="device_write_latency_ms" value=374.30087699999996
name="get_miss_latency_ms" value=1033.228164
name="get_total_latency_ms" value=1041.128443
name="disk_write_latency_ms" value=1485.376761
name="device_write_latency_ms" value=1485.816345
name="get_miss_latency_ms" value=2060.46892
name="get_total_latency_ms" value=2068.061999
name="disk_write_latency_ms" value=1501.621746
name="device_write_latency_ms" value=1502.2311940000002
name="get_miss_latency_ms" value=2235.131723
name="get_total_latency_ms" value=2242.377593
name="disk_write_latency_ms" value=1654.0183229999998
name="device_write_latency_ms" value=1654.4469990000002
name="get_miss_latency_ms" value=2368.6791590000003
name="get_total_latency_ms" value=2371.151604
name="disk_write_latency_ms" value=1669.775521
name="device_write_latency_ms" value=1669.956382
name="get_miss_latency_ms" value=2302.046061
name="get_total_latency_ms" value=2304.3902049999997
name="disk_write_latency_ms" value=2036.7620359999999
name="device_write_latency_ms" value=2037.0542290000003
name="get_miss_latency_ms" value=2702.137237
name="get_total_latency_ms" value=2704.09514
name="disk_write_latency_ms" value=2204.125368
name="device_write_latency_ms" value=2204.5353200000004
name="get_miss_latency_ms" value=2980.168535
name="get_total_latency_ms" value=2984.0122770000003
name="disk_write_latency_ms" value=2250.95995
name="device_write_latency_ms" value=2251.263711
name="get_miss_latency_ms" value=2914.505788
name="get_total_latency_ms" value=2918.506699
name="disk_write_latency_ms" value=2356.122404
name="device_write_latency_ms" value=2356.6097720000002
name="get_miss_latency_ms" value=2949.508455
name="get_total_latency_ms" value=2951.602815
name="disk_write_latency_ms" value=2601.273878
name="device_write_latency_ms" value=2601.5659140000002
name="get_miss_latency_ms" value=3332.2862560000003
name="get_total_latency_ms" value=3334.696793
name="disk_write_latency_ms" value=2666.501964
name="device_write_latency_ms" value=2666.900787
name="get_miss_latency_ms" value=3264.071522
name="get_total_latency_ms" value=3266.124332
name="disk_write_latency_ms" value=2701.995489
name="device_write_latency_ms" value=2702.4586729999996
name="get_miss_latency_ms" value=3272.112126
name="get_total_latency_ms" value=3274.288431
name="disk_write_latency_ms" value=2772.837016
name="device_write_latency_ms" value=2773.177206
name="get_miss_latency_ms" value=3465.03372
name="get_total_latency_ms" value=3468.705218
name="disk_write_latency_ms" value=2851.051954
name="device_write_latency_ms" value=2851.2823740000003
name="get_miss_latency_ms" value=3524.353851
name="get_total_latency_ms" value=3527.3555490000003
name="disk_read_latency_ms" value=1304.473747
name="device_read_latency_ms" value=1304.556884
name="get_hit_latency_ms" value=1361.372583
name="get_total_latency_ms" value=1367.470582
name="disk_write_latency_ms" value=2272.385013
name="device_write_latency_ms" value=2272.8026959999997
name="get_miss_latency_ms" value=4143.902869
name="get_total_latency_ms" value=4148.680649
name="disk_write_latency_ms" value=2108.261087
name="device_write_latency_ms" value=2108.432064
name="get_miss_latency_ms" value=4146.754742
name="disk_write_latency_ms" value=2294.975023
name="device_write_latency_ms" value=2295.547259
name="get_miss_latency_ms" value=4248.872171
name="get_total_latency_ms" value=4152.410763
name="get_total_latency_ms" value=4252.325101
name="disk_write_latency_ms" value=2109.616757
name="device_write_latency_ms" value=2109.830156
name="get_miss_latency_ms" value=4045.479189
name="get_total_latency_ms" value=4049.769614
name="disk_write_latency_ms" value=3534.0619589999997
name="device_write_latency_ms" value=3534.5525900000002
name="get_miss_latency_ms" value=4315.617187
name="get_total_latency_ms" value=4318.493363
name="disk_write_latency_ms" value=1712.759609
name="device_write_latency_ms" value=1713.006311
name="get_miss_latency_ms" value=4042.9708360000004
name="get_total_latency_ms" value=4045.384719
name="disk_write_latency_ms" value=1340.703238
name="device_write_latency_ms" value=1340.9022180000002
name="get_miss_latency_ms" value=4057.600838
name="disk_write_latency_ms" value=1526.803433
name="device_write_latency_ms" value=1526.968751
name="get_miss_latency_ms" value=4200.237024
name="get_total_latency_ms" value=4060.6141960000004
name="get_total_latency_ms" value=4206.044192
name="disk_write_latency_ms" value=1056.628033
name="device_write_latency_ms" value=1056.824969
name="get_miss_latency_ms" value=3992.833701
name="disk_read_latency_ms" value=73.448074
name="device_read_latency_ms" value=73.488507
name="get_total_latency_ms" value=3996.966948
name="disk_read_latency_ms" value=80.39187100000001
name="device_read_latency_ms" value=81.02205599999999
name="disk_write_latency_ms" value=1489.4232060000002
name="device_write_latency_ms" value=1489.545972
name="get_miss_latency_ms" value=3976.944708
name="get_total_latency_ms" value=3980.851581
name="disk_write_latency_ms" value=982.755806
name="device_write_latency_ms" value=982.872064
name="get_miss_latency_ms" value=3987.372352
name="disk_write_latency_ms" value=856.132209
name="device_write_latency_ms" value=856.302816
name="get_miss_latency_ms" value=3788.818983
name="disk_write_latency_ms" value=945.462173
name="device_write_latency_ms" value=945.628682
name="get_miss_latency_ms" value=3980.724693
name="get_total_latency_ms" value=3992.0863940000004
name="get_total_latency_ms" value=3797.259151
name="get_total_latency_ms" value=3990.930214
name="disk_read_latency_ms" value=85.695601
name="device_read_latency_ms" value=85.790503
name="get_hit_latency_ms" value=178.033799
name="get_total_latency_ms" value=181.734048
name="get_hit_latency_ms" value=887.003232
name="get_total_latency_ms" value=892.305208
name="get_hit_latency_ms" value=279.974226
name="get_total_latency_ms" value=286.876444
name="disk_read_latency_ms" value=102.374876
name="device_read_latency_ms" value=102.495667
name="disk_write_latency_ms" value=339.52059
name="device_write_latency_ms" value=339.762689
name="get_miss_latency_ms" value=4087.871165
name="get_total_latency_ms" value=4095.0930029999995
name="disk_write_latency_ms" value=347.681489
name="device_write_latency_ms" value=347.980493
name="get_miss_latency_ms" value=3899.265518
name="get_total_latency_ms" value=3907.5089900000003
name="disk_write_latency_ms" value=1029.964997
name="device_write_latency_ms" value=1030.211703
name="get_miss_latency_ms" value=4028.3583160000003
name="get_total_latency_ms" value=4034.952137
name="disk_write_latency_ms" value=389.331347
name="device_write_latency_ms" value=389.82758
name="get_miss_latency_ms" value=4092.1358110000006
name="get_total_latency_ms" value=4098.63977
name="disk_write_latency_ms" value=381.43807400000003
name="device_write_latency_ms" value=381.745654
name="get_miss_latency_ms" value=3925.9395489999997
name="get_total_latency_ms" value=3941.673609
name="get_hit_latency_ms" value=232.193874
name="disk_write_latency_ms" value=399.21099100000004
name="device_write_latency_ms" value=399.435069
name="get_miss_latency_ms" value=2726.08477
name="disk_write_latency_ms" value=401.641905
name="device_write_latency_ms" value=401.972133
name="get_miss_latency_ms" value=2741.410245
name="get_total_latency_ms" value=243.008013
name="disk_write_latency_ms" value=442.541662
name="device_write_latency_ms" value=442.901117
name="get_miss_latency_ms" value=4048.687185
name="get_total_latency_ms" value=2741.6299569999996
name="disk_write_latency_ms" value=414.405744
name="device_write_latency_ms" value=414.700693
name="get_miss_latency_ms" value=2578.886436
name="get_total_latency_ms" value=2764.7203620000005
name="disk_write_latency_ms" value=403.968825
name="device_write_latency_ms" value=404.103902
name="get_miss_latency_ms" value=2141.50428
name="disk_write_latency_ms" value=417.558632
name="device_write_latency_ms" value=417.78015200000004
name="get_miss_latency_ms" value=2575.5430229999997
name="disk_write_latency_ms" value=403.332361
name="device_write_latency_ms" value=403.46398999999997
name="get_miss_latency_ms" value=1951.5663430000002
name="get_total_latency_ms" value=4075.0784930000004
name="disk_write_latency_ms" value=401.444432
name="device_write_latency_ms" value=401.56710499999997
name="get_miss_latency_ms" value=1474.112195
name="get_total_latency_ms" value=2598.202367
name="get_total_latency_ms" value=2155.801405
name="get_total_latency_ms" value=2591.9304389999998
name="get_total_latency_ms" value=1974.612353
name="get_total_latency_ms" value=1501.5358669999998
name="disk_read_latency_ms" value=251.33158500000002
name="device_read_latency_ms" value=251.440221
name="disk_read_latency_ms" value=243.54426800000002
name="device_read_latency_ms" value=246.670148
name="disk_read_latency_ms" value=161.988028
name="device_read_latency_ms" value=182.410125
name="disk_read_latency_ms" value=147.459048
name="device_read_latency_ms" value=169.76049400000002
name="disk_write_latency_ms" value=336.93282200000004
name="device_write_latency_ms" value=337.291968
name="get_miss_latency_ms" value=1565.52757
name="get_total_latency_ms" value=1575.100705
name="disk_write_latency_ms" value=337.676284
name="device_write_latency_ms" value=337.936658
name="get_miss_latency_ms" value=1542.7595629999998
name="disk_write_latency_ms" value=327.133086
name="device_write_latency_ms" value=327.482249
name="get_total_latency_ms" value=1551.5370269999999
name="get_miss_latency_ms" value=1463.8964839999999
name="get_total_latency_ms" value=1475.388624
name="disk_write_latency_ms" value=646.711221
name="device_write_latency_ms" value=646.911788
name="get_miss_latency_ms" value=2012.5452639999999
name="get_total_latency_ms" value=2019.589116
name="get_hit_latency_ms" value=388.68004699999995
name="get_total_latency_ms" value=391.898503
name="disk_write_latency_ms" value=315.36286
name="device_write_latency_ms" value=315.829836
name="get_miss_latency_ms" value=756.472357
name="get_total_latency_ms" value=760.7113639999999
name="disk_write_latency_ms" value=315.175497
name="device_write_latency_ms" value=315.465946
name="get_miss_latency_ms" value=759.68723
name="get_total_latency_ms" value=763.494707
name="get_hit_latency_ms" value=711.232567
name="get_total_latency_ms" value=717.910017
name="get_hit_latency_ms" value=328.959698
name="get_hit_latency_ms" value=309.37188100000003
name="get_total_latency_ms" value=335.316412
name="get_total_latency_ms" value=321.10507
name="disk_write_latency_ms" value=351.409042
name="device_write_latency_ms" value=351.778815
name="get_miss_latency_ms" value=776.756641
name="get_total_latency_ms" value=779.7407539999999
name="disk_write_latency_ms" value=368.773049
name="device_write_latency_ms" value=369.015392
name="get_miss_latency_ms" value=898.8661810000001
name="get_total_latency_ms" value=906.617911
name="disk_write_latency_ms" value=395.101515
name="device_write_latency_ms" value=395.519622
name="get_miss_latency_ms" value=869.048229
name="get_total_latency_ms" value=873.295829
name="disk_read_latency_ms" value=157.889632
name="device_read_latency_ms" value=162.035073
name="disk_write_latency_ms" value=396.145217
name="device_write_latency_ms" value=396.709225
name="get_miss_latency_ms" value=852.521963
name="get_total_latency_ms" value=859.395526
name="get_hit_latency_ms" value=297.994076
name="get_total_latency_ms" value=312.38421100000005
name="disk_write_latency_ms" value=545.395447
name="device_write_latency_ms" value=545.845413
name="get_miss_latency_ms" value=1079.83867
name="get_total_latency_ms" value=1083.789091
name="disk_write_latency_ms" value=648.778165
name="device_write_latency_ms" value=649.103434
name="get_miss_latency_ms" value=1282.449382
name="get_total_latency_ms" value=1288.206349
name="disk_write_latency_ms" value=749.783328
name="device_write_latency_ms" value=750.470037
name="get_miss_latency_ms" value=1348.0053970000001
name="get_total_latency_ms" value=1350.7132820000002
name="disk_write_latency_ms" value=766.917424
name="device_write_latency_ms" value=767.13651
name="get_miss_latency_ms" value=1394.3631409999998
name="get_total_latency_ms" value=1399.3215750000002
name="disk_read_latency_ms" value=312.47258100000005
name="device_read_latency_ms" value=312.576047
name="disk_write_latency_ms" value=826.357316
name="device_write_latency_ms" value=826.657973
name="get_miss_latency_ms" value=1485.610951
name="get_hit_latency_ms" value=363.55951
name="get_total_latency_ms" value=1490.132888
name="get_total_latency_ms" value=367.257186
name="disk_read_latency_ms" value=160.1404
name="device_read_latency_ms" value=160.227432
name="get_hit_latency_ms" value=226.247262
name="get_total_latency_ms" value=229.68478100000002
name="disk_write_latency_ms" value=1246.050469
name="device_write_latency_ms" value=1246.277244
name="get_miss_latency_ms" value=1711.205831
name="get_total_latency_ms" value=1713.724807
name="disk_read_latency_ms" value=540.0950220000001
name="device_read_latency_ms" value=543.549615
name="get_hit_latency_ms" value=595.361361
name="get_total_latency_ms" value=597.904183
name="disk_write_latency_ms" value=1386.214369
name="device_write_latency_ms" value=1386.4814430000001
name="get_miss_latency_ms" value=1955.344301
name="get_total_latency_ms" value=1958.526223
name="disk_write_latency_ms" value=1597.362457
name="device_write_latency_ms" value=1597.624881
name="get_miss_latency_ms" value=2154.752362
name="get_total_latency_ms" value=2156.992076
name="disk_write_latency_ms" value=1616.08071
name="device_write_latency_ms" value=1616.264696
name="get_miss_latency_ms" value=2115.071281
name="get_total_latency_ms" value=2117.4903710000003
name="disk_write_latency_ms" value=1697.8555549999999
name="device_write_latency_ms" value=1698.1802099999998
name="get_miss_latency_ms" value=2147.5446549999997
name="get_total_latency_ms" value=2154.757357
name="disk_write_latency_ms" value=1796.121351
name="device_write_latency_ms" value=1796.485938
name="get_miss_latency_ms" value=2299.424825
name="get_total_latency_ms" value=2302.705739
name="disk_read_latency_ms" value=816.448687
name="device_read_latency_ms" value=816.508471
name="get_hit_latency_ms" value=884.46298
name="disk_write_latency_ms" value=1890.08181
name="device_write_latency_ms" value=1890.275855
name="get_total_latency_ms" value=889.019999
name="get_miss_latency_ms" value=2538.9000180000003
name="get_total_latency_ms" value=2543.043122
name="disk_write_latency_ms" value=1926.1500389999999
name="device_write_latency_ms" value=1927.026345
name="get_miss_latency_ms" value=2621.815016
name="get_total_latency_ms" value=2624.541409
name="disk_write_latency_ms" value=2137.7129959999997
name="device_write_latency_ms" value=2138.242389
name="get_miss_latency_ms" value=2714.693917
name="get_total_latency_ms" value=2717.856122
name="disk_write_latency_ms" value=2140.0798280000004
name="device_write_latency_ms" value=2140.366964
name="get_miss_latency_ms" value=2933.894712
name="get_total_latency_ms" value=2936.7510650000004
name="disk_write_latency_ms" value=2210.729309
name="device_write_latency_ms" value=2210.926942
name="get_miss_latency_ms" value=3158.893618
name="get_total_latency_ms" value=3161.506978
name="disk_write_latency_ms" value=2211.749911
name="device_write_latency_ms" value=2211.888955
name="get_miss_latency_ms" value=3179.612244
name="get_total_latency_ms" value=3182.046913
name="disk_read_latency_ms" value=928.517673
name="device_read_latency_ms" value=928.5894040000001
name="get_hit_latency_ms" value=997.034098
name="disk_write_latency_ms" value=2258.140874
name="device_write_latency_ms" value=2258.3157480000004
name="get_miss_latency_ms" value=3031.861484
name="get_total_latency_ms" value=999.677133
name="get_total_latency_ms" value=3036.0018410000002
